Traceback (most recent call last):
  File "/home/epwalsh/.virtualenvs/allennlp/bin/allennlp", line 11, in <module>
    load_entry_point('allennlp', 'console_scripts', 'allennlp')()
  File "/home/epwalsh/.virtualenvs/allennlp/src/allennlp/allennlp/run.py", line 18, in run
    main(prog="allennlp")
  File "/home/epwalsh/.virtualenvs/allennlp/src/allennlp/allennlp/commands/__init__.py", line 120, in main
    args.func(args)
  File "/home/epwalsh/.virtualenvs/allennlp/src/allennlp/allennlp/commands/train.py", line 150, in train_model_from_args
    args.cache_prefix,
  File "/home/epwalsh/.virtualenvs/allennlp/src/allennlp/allennlp/commands/train.py", line 199, in train_model_from_file
    cache_prefix,
  File "/home/epwalsh/.virtualenvs/allennlp/src/allennlp/allennlp/commands/train.py", line 257, in train_model
    params, serialization_dir, recover, cache_directory, cache_prefix
  File "/home/epwalsh/.virtualenvs/allennlp/src/allennlp/allennlp/training/trainer_pieces.py", line 45, in from_params
    all_datasets = training_util.datasets_from_params(params, cache_directory, cache_prefix)
  File "/home/epwalsh/.virtualenvs/allennlp/src/allennlp/allennlp/training/util.py", line 169, in datasets_from_params
    dataset_reader = DatasetReader.from_params(dataset_reader_params)
  File "/home/epwalsh/.virtualenvs/allennlp/src/allennlp/allennlp/common/from_params.py", line 370, in from_params
    default_to_first_choice=default_to_first_choice,
  File "/home/epwalsh/.virtualenvs/allennlp/src/allennlp/allennlp/common/params.py", line 384, in pop_choice
    raise ConfigurationError(message)
allennlp.common.checks.ConfigurationError: 'copynet_seq2se not in acceptable choices for dataset_reader.type: [\'ccgbank\', \'conll2003\', \'conll2000\', \'ontonotes_ner\', \'coref\', \'winobias\', \'event2mind\', \'interleaving\', \'language_modeling\', \'masked_language_modeling\', \'next_token_lm\', \'multiprocess\', \'ptb_trees\', \'drop\', \'squad\', \'quac\', \'triviaqa\', \'qangaroo\', \'srl\', \'semantic_dependencies\', \'seq2seq\', \'sequence_tagging\', \'snli\', \'universal_dependencies\', \'universal_dependencies_multilang\', \'sst_tokens\', \'quora_paraphrase\', \'simple_language_modeling\', \'babi\', \'copynet_seq2seq\', \'text_classification_json\', \'copynet\', \'nl2bash\']. You should either use the --include-package flag to make sure the correct module is loaded, or use a fully qualified class name in your config file like {"model": "my_module.models.MyModel"} to have it imported automatically.'
